<?xml version="1.0" encoding="utf-8"?><testsuites name="pytest tests"><testsuite name="pytest" errors="0" failures="0" skipped="0" tests="33" time="35.307" timestamp="2026-05-31T05:14:56.068429+00:00" hostname="agent-env-e826abca-f0dc-475d-8c0e-789894236c5d"><testcase classname="backend.tests.test_afrimarket_phase2" name="test_p2_health" time="0.563" /><testcase classname="backend.tests.test_afrimarket_phase2" name="test_p2_setup_admin" time="0.208" /><testcase classname="backend.tests.test_afrimarket_phase2" name="test_p2_setup_seller_with_product" time="0.435" /><testcase classname="backend.tests.test_afrimarket_phase2" name="test_p2_setup_buyer" time="0.215" /><testcase classname="backend.tests.test_afrimarket_phase2" name="test_messages_post_and_conversation" time="0.098" /><testcase classname="backend.tests.test_afrimarket_phase2" name="test_messages_list_conversations" time="0.103" /><testcase classname="backend.tests.test_afrimarket_phase2" name="test_messages_thread_marks_read" time="0.102" /><testcase classname="backend.tests.test_afrimarket_phase2" name="test_messages_unread_count" time="0.105" /><testcase classname="backend.tests.test_afrimarket_phase2" name="test_collect_order_has_qr" time="0.097" /><testcase classname="backend.tests.test_afrimarket_phase2" name="test_get_order_by_qr_seller_only" time="0.234" /><testcase classname="backend.tests.test_afrimarket_phase2" name="test_scan_qr_releases_escrow" time="0.204" /><testcase classname="backend.tests.test_afrimarket_phase2" name="test_review_can_review_true" time="0.105" /><testcase classname="backend.tests.test_afrimarket_phase2" name="test_post_review_and_recompute_rating" time="0.305" /><testcase classname="backend.tests.test_afrimarket_phase2" name="test_cannot_review_twice" time="0.090" /><testcase classname="backend.tests.test_afrimarket_phase2" name="test_create_delivery_order_for_dispute" time="0.109" /><testcase classname="backend.tests.test_afrimarket_phase2" name="test_buyer_opens_dispute_freezes_escrow" time="0.209" /><testcase classname="backend.tests.test_afrimarket_phase2" name="test_admin_disputes_list_priority" time="0.106" /><testcase classname="backend.tests.test_afrimarket_phase2" name="test_admin_resolve_dispute_refund_buyer" time="0.234" /><testcase classname="backend.tests.test_afrimarket_phase2" name="test_kyc_upload_id" time="28.144" /><testcase classname="backend.tests.test_afrimarket_phase2" name="test_kyc_upload_selfie" time="0.394" /><testcase classname="backend.tests.test_afrimarket_phase2" name="test_kyc_submit_level2" time="0.110" /><testcase classname="backend.tests.test_afrimarket_phase2" name="test_kyc_status_shows_docs" time="0.101" /><testcase classname="backend.tests.test_afrimarket_phase2" name="test_admin_kyc_pending_includes_pending_review" time="0.111" /><testcase classname="backend.tests.test_afrimarket_phase2" name="test_admin_kyc_approve_sets_requested_level" time="0.620" /><testcase classname="backend.tests.test_afrimarket_phase2" name="test_admin_kyc_reject_with_reason" time="0.954" /><testcase classname="backend.tests.test_afrimarket_phase2" name="test_wallet_overview" time="0.100" /><testcase classname="backend.tests.test_afrimarket_phase2" name="test_wallet_transactions_merged" time="0.107" /><testcase classname="backend.tests.test_afrimarket_phase2" name="test_wallet_withdraw_in_progress" time="0.104" /><testcase classname="backend.tests.test_afrimarket_phase2" name="test_geo_overview" time="0.115" /><testcase classname="backend.tests.test_afrimarket_phase2" name="test_geo_growth_six_buckets_french" time="0.107" /><testcase classname="backend.tests.test_afrimarket_phase2" name="test_geo_alerts" time="0.109" /><testcase classname="backend.tests.test_afrimarket_phase2" name="test_admin_toggle_country" time="0.346" /><testcase classname="backend.tests.test_afrimarket_phase2" name="test_csv_exports" time="0.216" /></testsuite></testsuites>