<?xml version="1.0" encoding="utf-8"?><testsuites name="pytest tests"><testsuite name="pytest" errors="0" failures="0" skipped="0" tests="28" time="6.192" timestamp="2026-05-31T04:47:59.632461+00:00" hostname="agent-env-e826abca-f0dc-475d-8c0e-789894236c5d"><testcase classname="backend.tests.test_afrimarket" name="test_health" time="0.251" /><testcase classname="backend.tests.test_afrimarket" name="test_countries" time="0.114" /><testcase classname="backend.tests.test_afrimarket" name="test_register_buyer" time="0.104" /><testcase classname="backend.tests.test_afrimarket" name="test_register_duplicate" time="0.101" /><testcase classname="backend.tests.test_afrimarket" name="test_verify_buyer_otp" time="0.105" /><testcase classname="backend.tests.test_afrimarket" name="test_verify_wrong_code" time="0.234" /><testcase classname="backend.tests.test_afrimarket" name="test_me_endpoint" time="0.129" /><testcase classname="backend.tests.test_afrimarket" name="test_me_unauthorized" time="0.107" /><testcase classname="backend.tests.test_afrimarket" name="test_register_seller_and_login" time="0.220" /><testcase classname="backend.tests.test_afrimarket" name="test_admin_login" time="0.269" /><testcase classname="backend.tests.test_afrimarket" name="test_seller_setup" time="0.101" /><testcase classname="backend.tests.test_afrimarket" name="test_buyer_cannot_call_seller_setup" time="0.112" /><testcase classname="backend.tests.test_afrimarket" name="test_create_product" time="0.225" /><testcase classname="backend.tests.test_afrimarket" name="test_buyer_cannot_create_product" time="0.112" /><testcase classname="backend.tests.test_afrimarket" name="test_list_products_with_filters" time="0.444" /><testcase classname="backend.tests.test_afrimarket" name="test_create_order" time="0.205" /><testcase classname="backend.tests.test_afrimarket" name="test_buyer_cannot_advance_order" time="0.111" /><testcase classname="backend.tests.test_afrimarket" name="test_seller_advances_order" time="0.224" /><testcase classname="backend.tests.test_afrimarket" name="test_confirm_delivery_wrong_code" time="0.203" /><testcase classname="backend.tests.test_afrimarket" name="test_confirm_delivery_correct" time="0.222" /><testcase classname="backend.tests.test_afrimarket" name="test_my_orders" time="0.100" /><testcase classname="backend.tests.test_afrimarket" name="test_multi_seller_cart_rejected" time="0.543" /><testcase classname="backend.tests.test_afrimarket" name="test_non_admin_blocked" time="0.104" /><testcase classname="backend.tests.test_afrimarket" name="test_admin_overview" time="0.106" /><testcase classname="backend.tests.test_afrimarket" name="test_admin_users_list" time="0.105" /><testcase classname="backend.tests.test_afrimarket" name="test_admin_sellers_list" time="0.107" /><testcase classname="backend.tests.test_afrimarket" name="test_admin_kyc_pending_and_approve" time="0.379" /><testcase classname="backend.tests.test_afrimarket" name="test_upload_photo" time="1.063" /></testsuite></testsuites>